2024-12-19 17:23:22.398 - DBeaver 24.3.0.202412011650 is starting
2024-12-19 17:23:22.399 - OS: Windows 10 10.0 (amd64)
2024-12-19 17:23:22.400 - Java version: 17.0.6 by Eclipse Adoptium (64bit)
2024-12-19 17:23:22.400 - Install path: 'D:\web_0900_mjh\dbms\resource\dbeaver-ce-24.3.0-win32.win32.x86_64\dbeaver'
2024-12-19 17:23:22.400 - Instance path: 'file:/D:/web_0900_mjh/dbms/workspace/'
2024-12-19 17:23:22.401 - Memory available 64Mb/1024Mb
2024-12-19 17:23:22.401 - Platform not initialized: metadata folder may be not set
2024-12-19 17:23:22.407 - Create display
2024-12-19 17:23:22.464 - Initialize desktop platform...
2024-12-19 17:23:22.526 - BounceCastle bundle found. Use JCE provider BC
> Start Core File Systems [org.eclipse.core.filesystem 1.11.0.v20240824-0952]
> Start Core Resource Management [org.eclipse.core.resources 3.21.0.v20240805-1607]
> Start Team Support Core [org.eclipse.team.core 3.10.500.v20240621-0541]
> Start DBeaver UI Navigator [org.jkiss.dbeaver.ui.navigator 1.0.144.202412011650]
2024-12-19 17:23:22.629 - Initialize base platform...
> Start DBeaver UI Editors - Base [org.jkiss.dbeaver.ui.editors.base 1.0.144.202412011650]
2024-12-19 17:23:22.642 - send collected statistics
2024-12-19 17:23:22.649 - Platform initialized (184ms)
2024-12-19 17:23:22.679 - Starting instance server at http://localhost:50757
2024-12-19 17:23:22.685 - Run workbench
> Start Eclipse e4 Workbench SWT [org.eclipse.e4.ui.workbench.swt 0.17.500.v20240807-0911]
> Start Eclipse Application Services [org.eclipse.e4.core.services 2.4.400.v20240413-1529]
> Start Eclipse UI Application Services [org.eclipse.e4.ui.services 1.6.300.v20231201-1637]
> Start Eclipse e4 Progress View [org.eclipse.e4.ui.progress 0.4.600.v20240606-1020]
> Start Eclipse Bindings Support [org.eclipse.e4.ui.bindings 0.14.400.v20240321-1245]
> Start Eclipse e4 core commands [org.eclipse.e4.core.commands 1.1.400.v20240424-0444]
> Start EMF XML/XMI Persistence [org.eclipse.emf.ecore.xmi 2.38.0.v20240721-0634]
> Start Eclipse CSS SWT Theme Support [org.eclipse.e4.ui.css.swt.theme 0.14.400.v20240424-0956]
> Start Eclipse e4 Workbench Add-ons [org.eclipse.e4.ui.workbench.addons.swt 1.5.500.v20240620-1945]
> Start Eclipse e4 Workbench SWT Renderer [org.eclipse.e4.ui.workbench.renderers.swt 0.16.500.v20240727-1037]
> Start Eclipse Dependency Injection Extensions [org.eclipse.e4.core.di.extensions 0.18.300.v20240413-1529]
> Start Eclipse CSS SWT Support [org.eclipse.e4.ui.css.swt 0.15.400.v20240321-1245]
> Start Default Text Editor [org.eclipse.ui.editors 3.18.0.v20240807-0735]
> Start Text Editor Framework [org.eclipse.ui.workbench.texteditor 3.18.0.v20240819-1419]
2024-12-19 17:23:23.584 - Configure workbench window
> Start DBeaver SQL Model [org.jkiss.dbeaver.model.sql 1.0.134.202412011650]
2024-12-19 17:23:23.637 - Script dialect 'gbase8s' not found in registry (for data source provider gbase8s). Use default.
2024-12-19 17:23:23.681 - Total database drivers: 121 (121)
> Start Help System Core [org.eclipse.help 3.10.400.v20240415-0528]
2024-12-19 17:23:23.729 - Create actions
2024-12-19 17:23:23.733 - Disable Eclipse action set 'org.eclipse.ui.edit.text.actionSet.annotationNavigation'
2024-12-19 17:23:23.733 - Disable Eclipse action set 'org.eclipse.ui.WorkingSetActionSet'
2024-12-19 17:23:23.733 - Disable Eclipse action set 'org.eclipse.ui.actionSet.openFiles'
2024-12-19 17:23:23.734 - Create workbench actions
2024-12-19 17:23:23.938 - Initialize workbench window
2024-12-19 17:23:23.956 - Finish initialization
> Start DBeaver UI Editors - Data [org.jkiss.dbeaver.ui.editors.data 1.0.144.202412011650]
> Start Internet Connection Management UI [org.eclipse.ui.net 1.5.400.v20240413-1529]
> Start Internet Connection Management [org.eclipse.core.net 1.5.500.v20240625-1706]
Warning: NLS unused message: actions_navigator__objects in: org.jkiss.dbeaver.ui.editors.sql.internal.SQLEditorMessages
> Start DBeaver UI Editors - SQL [org.jkiss.dbeaver.ui.editors.sql 1.0.144.202412011650]
> Start DBeaver Sample Database [org.jkiss.dbeaver.ext.sample.database 1.0.181.202412011650]
> Start DBeaver Tip of the day [org.jkiss.dbeaver.ext.ui.tipoftheday 1.0.150.202412011650]
> Start GEF Classic Draw2d [org.eclipse.draw2d 3.17.0.202409021815]
> Start GEF Classic GEF (MVC) [org.eclipse.gef 3.19.0.202409021815]
> Start DBeaver ERD UI [org.jkiss.dbeaver.erd.ui 3.0.104.202412011650]
> Start DBeaver ERD Model [org.jkiss.dbeaver.erd.model 1.0.104.202412011650]
> Start DBeaver Dashboard UI [org.jkiss.dbeaver.ui.dashboard 1.0.141.202412011650]
2024-12-19 17:23:24.827 - Connect with 'localhost' (oracle_thin-193dc312314-39a1f042ff0af159)
> Start DBeaver JDBC Model [org.jkiss.dbeaver.model.jdbc 1.0.37.202412011650]
> Start DBeaver Oracle Model [org.jkiss.dbeaver.ext.oracle 2.1.229.202412011650]
2024-12-19 17:23:24.861 - Execution context opened (localhost; Main; 0)
2024-12-19 17:23:25.086 - Execution context opened (localhost; Metadata; 1)
2024-12-19 17:23:25.130 - Connected (oracle_thin-193dc312314-39a1f042ff0af159, Oracle JDBC driver [11.2.0.2.0])
> Start DBeaver Oracle UI [org.jkiss.dbeaver.ext.oracle.ui 1.0.131.202412011650]
2024-12-19 17:23:54.745 - Can't get column 'PLUGGED_IN': 부적합한 열 이름
2024-12-19 17:24:42.788 - Object 'BIN$+bDdTTD7SzOLS3P+iJY/Yg==$0' owner 'BIN$5dUussjGRXq2eqi/7VjBEA==$0' not found
2024-12-19 17:24:42.789 - Object 'BIN$4VlvaqrfTY+qTWqh0lZxyg==$0' owner 'BIN$v/YPUemNSOyg0L/f9SlelQ==$0' not found
2024-12-19 17:24:42.789 - Object 'BIN$5Lf96/WpQIGCxOge2WhCJg==$0' owner 'BIN$/Up976CUQE2z02Hx+8Aerw==$0' not found
2024-12-19 17:24:42.789 - Object 'BIN$5iTp9Ko9RlKxWMEKWpWR4A==$0' owner 'BIN$/Up976CUQE2z02Hx+8Aerw==$0' not found
2024-12-19 17:24:42.789 - Object 'BIN$65YIwrWJSS2fr3YrXs8TKA==$0' owner 'BIN$JL0V1ijhTOOVxscgFVFaLA==$0' not found
2024-12-19 17:24:42.789 - Object 'BIN$7C6SpoGCQuCS0rJUVB8PRQ==$0' owner 'BIN$v/YPUemNSOyg0L/f9SlelQ==$0' not found
2024-12-19 17:24:42.789 - Object 'BIN$8Rin4pGVSLO2C19MnIl5zQ==$0' owner 'BIN$KB1ljzy6RRyiTh9+YjSedQ==$0' not found
2024-12-19 17:24:42.789 - Object 'BIN$9MPKp0NYRlOXeUNbIL1B8g==$0' owner 'BIN$/Up976CUQE2z02Hx+8Aerw==$0' not found
2024-12-19 17:24:42.789 - Object 'BIN$9lciwUM/Rript7b37XmviA==$0' owner 'BIN$9d7rHhrmRWCloRrUJh+NLA==$0' not found
2024-12-19 17:24:42.789 - Object 'BIN$Cmm51If9RA2BCAhBPctEow==$0' owner 'BIN$xHCESvpNQKSZFxgtQ/is0w==$0' not found
2024-12-19 17:24:42.789 - Object 'BIN$FXDG2XSrT2Ss2ex45aXN+g==$0' owner 'BIN$lhGkFT+0SyKPp2CZveil8w==$0' not found
2024-12-19 17:24:42.789 - Object 'BIN$KKUgbeJkT9OBIBOZHzqjGQ==$0' owner 'BIN$xHCESvpNQKSZFxgtQ/is0w==$0' not found
2024-12-19 17:24:42.789 - Object 'BIN$KnIDvEpeQtOxzN6BEz+YMw==$0' owner 'BIN$vbpbM2K8TS23GqGk9japkQ==$0' not found
2024-12-19 17:24:42.789 - Object 'BIN$LOy41vvBSrqlwIco0xguug==$0' owner 'BIN$9d7rHhrmRWCloRrUJh+NLA==$0' not found
2024-12-19 17:24:42.789 - Object 'BIN$NlpM8616StuevRWU78oAlg==$0' owner 'BIN$uKpeJHdvSYibzfENZXrJhQ==$0' not found
2024-12-19 17:24:42.789 - Object 'BIN$Nnvs5pG2QmOE7HBgjNFjRQ==$0' owner 'BIN$v/YPUemNSOyg0L/f9SlelQ==$0' not found
2024-12-19 17:24:42.790 - Object 'BIN$OHezAqH0Spe0Yckg9+u8KQ==$0' owner 'BIN$9So4I+4sTB+A/12Mq50j/g==$0' not found
2024-12-19 17:24:42.790 - Object 'BIN$U2r/9oIkSYi1X7s6QLcPMQ==$0' owner 'BIN$JL0V1ijhTOOVxscgFVFaLA==$0' not found
2024-12-19 17:24:42.790 - Object 'BIN$Vk7WLgFSSSqGlJ4OtG00rw==$0' owner 'BIN$vDSl7HcMTJqmgSkZl+WJIA==$0' not found
2024-12-19 17:24:42.790 - Object 'BIN$W9MLaQ2ySxiYEz3yy+cIRw==$0' owner 'BIN$pCO8Z8kwShajXurcraAaMg==$0' not found
2024-12-19 17:24:42.790 - Object 'BIN$anuFlxSoSmGVtNI3BLGWQQ==$0' owner 'BIN$CYPc3NjRRS+adszlKyPhxg==$0' not found
2024-12-19 17:24:42.790 - Object 'BIN$buJwWYxKRO25dN/llu3qpg==$0' owner 'BIN$uKpeJHdvSYibzfENZXrJhQ==$0' not found
2024-12-19 17:24:42.790 - Object 'BIN$cw0asxkdTxeR6S6vxfOpuA==$0' owner 'BIN$/yG+cVnIT4KZh7NSsLyRdQ==$0' not found
2024-12-19 17:24:42.790 - Object 'BIN$fMNFwfOrTrCnsDUa/xFrdw==$0' owner 'BIN$nVdMcJ74SReZodlA4IT2aw==$0' not found
2024-12-19 17:24:42.790 - Object 'BIN$gwpfB/LQQHmEdndl/S+wzA==$0' owner 'BIN$pGJZ0xgkRyGNrPuIx4946g==$0' not found
2024-12-19 17:24:42.790 - Object 'BIN$m2iuOaomSqiVR5QfnXQusw==$0' owner 'BIN$KB1ljzy6RRyiTh9+YjSedQ==$0' not found
2024-12-19 17:24:42.790 - Object 'BIN$o9xyZpGsT+GsFxcyA9aTDQ==$0' owner 'BIN$lhGkFT+0SyKPp2CZveil8w==$0' not found
2024-12-19 17:24:42.790 - Object 'BIN$ogz9Q4MGTTOD1t7gJb9zew==$0' owner 'BIN$/yG+cVnIT4KZh7NSsLyRdQ==$0' not found
2024-12-19 17:24:42.790 - Object 'BIN$pxNgEYZfSKG/N7ciG0TJAA==$0' owner 'BIN$Tn1xs3awTG+BUhL52NBcQQ==$0' not found
2024-12-19 17:24:42.790 - Object 'BIN$rElg5OmDQ36SpKcOEdW5Qw==$0' owner 'BIN$vDSl7HcMTJqmgSkZl+WJIA==$0' not found
2024-12-19 17:24:42.790 - Object 'BIN$rnS6AcPAQ2me+uq1lzJdiw==$0' owner 'BIN$JJ09gvzNQeC9zFqF57y7Qw==$0' not found
2024-12-19 17:24:42.790 - Object 'BIN$sXOS6CMVSkWSHQcZF49LGQ==$0' owner 'BIN$nynxSy1JTVCZwMHFktil7Q==$0' not found
2024-12-19 17:24:42.790 - Object 'BIN$t8QA1O7TQ5mpwZMTxhjIwQ==$0' owner 'BIN$pGJZ0xgkRyGNrPuIx4946g==$0' not found
2024-12-19 17:24:42.791 - Object 'BIN$thnu86taRv+uxuIDAT+cTw==$0' owner 'BIN$njYYRcceRuKhuySOukFWAw==$0' not found
2024-12-19 17:24:42.791 - Object 'BIN$tkj2fqzER3uwXYWPPOyepA==$0' owner 'BIN$lhGkFT+0SyKPp2CZveil8w==$0' not found
2024-12-19 17:24:42.791 - Object 'BIN$vh6MM4NVTHad9ltqijg1ww==$0' owner 'BIN$lhGkFT+0SyKPp2CZveil8w==$0' not found
2024-12-19 17:24:42.791 - Can't get column 'COLUMN_NAMES_NUMS': 부적합한 열 이름
> Start DBeaver SQL Terminal [org.jkiss.dbeaver.ui.editors.sql.terminal 1.0.120.202412011650]
> Start Core Compare Support [org.eclipse.compare.core 3.8.500.v20240524-2010]
> Start Console [org.eclipse.ui.console 3.14.100.v20240429-1358]
> Start Debug Core [org.eclipse.debug.core 3.21.500.v20240801-2219]
2024-12-19 17:26:06.834 - Execution context opened (localhost; SQLEditor <Script.sql>; 2)
> Start DBeaver Tasks - Native Tools UI [org.jkiss.dbeaver.tasks.native.ui 1.0.122.202412011650]
> Start DBeaver Tasks - General UI [org.jkiss.dbeaver.tasks.ui 1.0.122.202412011650]
> Start DBeaver SQL Language Semantic Model [org.jkiss.dbeaver.model.lsm 1.0.39.202412011650]
2024-12-19 17:26:46.507 - SWT resource leak detected
java.lang.Error: SWT Resource was not properly disposed
	at org.eclipse.swt.graphics.Resource.initNonDisposeTracking(Resource.java:172)
	at org.eclipse.swt.graphics.Resource.<init>(Resource.java:120)
	at org.eclipse.swt.graphics.Image.<init>(Image.java:621)
	at org.eclipse.jface.resource.ImageDescriptor.createImage(ImageDescriptor.java:340)
	at org.eclipse.jface.resource.ImageDescriptor.createImage(ImageDescriptor.java:289)
	at org.eclipse.jface.resource.ImageDescriptor.createImage(ImageDescriptor.java:267)
	at org.jkiss.dbeaver.ui.DBeaverIcons.getCompositeIcon(DBeaverIcons.java:170)
	at org.jkiss.dbeaver.ui.DBeaverIcons.getIconDescriptor(DBeaverIcons.java:122)
	at org.jkiss.dbeaver.ui.DBeaverIcons.getImage(DBeaverIcons.java:94)
	at org.jkiss.dbeaver.ui.editors.sql.SQLEditor.refreshEditorIconAndTitle(SQLEditor.java:3101)
	at org.jkiss.dbeaver.ui.editors.sql.SQLEditor.onDataSourceChange(SQLEditor.java:3016)
	at org.jkiss.dbeaver.ui.editors.sql.SQLEditor.lambda$32(SQLEditor.java:3263)
	at org.eclipse.swt.widgets.RunnableLock.run(RunnableLock.java:40)
	at org.eclipse.swt.widgets.Synchronizer.runAsyncMessages(Synchronizer.java:132)
	at org.eclipse.swt.widgets.Display.runAsyncMessages(Display.java:4099)
	at org.eclipse.swt.widgets.Display.readAndDispatch(Display.java:3715)
	at org.eclipse.e4.ui.internal.workbench.swt.PartRenderingEngine$5.run(PartRenderingEngine.java:1151)
	at org.eclipse.core.databinding.observable.Realm.runWithDefault(Realm.java:339)
	at org.eclipse.e4.ui.internal.workbench.swt.PartRenderingEngine.run(PartRenderingEngine.java:1042)
	at org.eclipse.e4.ui.internal.workbench.E4Workbench.createAndRunUI(E4Workbench.java:153)
	at org.eclipse.ui.internal.Workbench.lambda$3(Workbench.java:639)
	at org.eclipse.core.databinding.observable.Realm.runWithDefault(Realm.java:339)
	at org.eclipse.ui.internal.Workbench.createAndRunWorkbench(Workbench.java:546)
	at org.eclipse.ui.PlatformUI.createAndRunWorkbench(PlatformUI.java:173)
	at org.jkiss.dbeaver.ui.app.standalone.DBeaverApplication.start(DBeaverApplication.java:293)
	at org.eclipse.equinox.internal.app.EclipseAppHandle.run(EclipseAppHandle.java:208)
	at org.eclipse.core.runtime.internal.adaptor.EclipseAppLauncher.runApplication(EclipseAppLauncher.java:143)
	at org.eclipse.core.runtime.internal.adaptor.EclipseAppLauncher.start(EclipseAppLauncher.java:109)
	at org.eclipse.core.runtime.adaptor.EclipseStarter.run(EclipseStarter.java:439)
	at org.eclipse.core.runtime.adaptor.EclipseStarter.run(EclipseStarter.java:271)
	at java.base/jdk.internal.reflect.NativeMethodAccessorImpl.invoke0(Native Method)
	at java.base/jdk.internal.reflect.NativeMethodAccessorImpl.invoke(Unknown Source)
	at java.base/jdk.internal.reflect.DelegatingMethodAccessorImpl.invoke(Unknown Source)
	at java.base/java.lang.reflect.Method.invoke(Unknown Source)
	at org.jkiss.dbeaver.launcher.DBeaverLauncher.invokeFramework(DBeaverLauncher.java:650)
	at org.jkiss.dbeaver.launcher.DBeaverLauncher.basicRun(DBeaverLauncher.java:610)
	at org.jkiss.dbeaver.launcher.DBeaverLauncher.run(DBeaverLauncher.java:1461)
2024-12-19 17:29:56.943 - SQL Error [923] [42000]: ORA-00923: FROM keyword not found where expected

org.jkiss.dbeaver.model.sql.DBSQLException: SQL Error [923] [42000]: ORA-00923: FROM keyword not found where expected

	at org.jkiss.dbeaver.model.impl.jdbc.exec.JDBCStatementImpl.executeStatement(JDBCStatementImpl.java:130)
	at org.jkiss.dbeaver.ui.editors.sql.execute.SQLQueryJob.executeStatement(SQLQueryJob.java:631)
	at org.jkiss.dbeaver.ui.editors.sql.execute.SQLQueryJob.lambda$2(SQLQueryJob.java:522)
	at org.jkiss.dbeaver.model.exec.DBExecUtils.tryExecuteRecover(DBExecUtils.java:192)
	at org.jkiss.dbeaver.ui.editors.sql.execute.SQLQueryJob.executeSingleQuery(SQLQueryJob.java:541)
	at org.jkiss.dbeaver.ui.editors.sql.execute.SQLQueryJob.extractData(SQLQueryJob.java:1016)
	at org.jkiss.dbeaver.ui.editors.sql.SQLEditor$QueryResultsContainer.readData(SQLEditor.java:4273)
	at org.jkiss.dbeaver.ui.controls.resultset.ResultSetJobDataRead.lambda$0(ResultSetJobDataRead.java:128)
	at org.jkiss.dbeaver.model.exec.DBExecUtils.tryExecuteRecover(DBExecUtils.java:192)
	at org.jkiss.dbeaver.ui.controls.resultset.ResultSetJobDataRead.run(ResultSetJobDataRead.java:126)
	at org.jkiss.dbeaver.ui.controls.resultset.ResultSetViewer$ResultSetDataPumpJob.run(ResultSetViewer.java:5166)
	at org.jkiss.dbeaver.model.runtime.AbstractJob.run(AbstractJob.java:119)
	at org.eclipse.core.internal.jobs.Worker.run(Worker.java:63)
Caused by: java.sql.SQLSyntaxErrorException: ORA-00923: FROM keyword not found where expected

	at oracle.jdbc.driver.T4CTTIoer.processError(T4CTTIoer.java:440)
	at oracle.jdbc.driver.T4CTTIoer.processError(T4CTTIoer.java:396)
	at oracle.jdbc.driver.T4C8Oall.processError(T4C8Oall.java:837)
	at oracle.jdbc.driver.T4CTTIfun.receive(T4CTTIfun.java:445)
	at oracle.jdbc.driver.T4CTTIfun.doRPC(T4CTTIfun.java:191)
	at oracle.jdbc.driver.T4C8Oall.doOALL(T4C8Oall.java:523)
	at oracle.jdbc.driver.T4CStatement.doOall8(T4CStatement.java:193)
	at oracle.jdbc.driver.T4CStatement.executeForDescribe(T4CStatement.java:848)
	at oracle.jdbc.driver.OracleStatement.executeMaybeDescribe(OracleStatement.java:1153)
	at oracle.jdbc.driver.OracleStatement.doExecuteWithTimeout(OracleStatement.java:1275)
	at oracle.jdbc.driver.OracleStatement.executeInternal(OracleStatement.java:1890)
	at oracle.jdbc.driver.OracleStatement.execute(OracleStatement.java:1855)
	at oracle.jdbc.driver.OracleStatementWrapper.execute(OracleStatementWrapper.java:304)
	at org.jkiss.dbeaver.model.impl.jdbc.exec.JDBCStatementImpl.execute(JDBCStatementImpl.java:344)
	at org.jkiss.dbeaver.model.impl.jdbc.exec.JDBCStatementImpl.executeStatement(JDBCStatementImpl.java:128)
	... 12 more
2024-12-19 17:29:57.017 - Error binding callable statement parameters from metadata: 지원되지 않는 기능입니다
2024-12-19 17:29:57.018 - Error obtaining output parameters from metadata: 지원되지 않는 기능입니다
2024-12-19 17:29:57.018 - Can't obtain procedure metadata nor jdbc metadata
2024-12-19 17:38:26.197 - Error binding callable statement parameters from metadata: 지원되지 않는 기능입니다
2024-12-19 17:38:26.197 - Error obtaining output parameters from metadata: 지원되지 않는 기능입니다
2024-12-19 17:38:26.197 - Can't obtain procedure metadata nor jdbc metadata
2024-12-19 17:38:26.253 - SQL Error [920] [42000]: ORA-00920: invalid relational operator


Error position: line: 33 pos: 176
org.jkiss.dbeaver.model.sql.DBSQLException: SQL Error [920] [42000]: ORA-00920: invalid relational operator

	at org.jkiss.dbeaver.model.impl.jdbc.exec.JDBCStatementImpl.executeStatement(JDBCStatementImpl.java:130)
	at org.jkiss.dbeaver.ui.editors.sql.execute.SQLQueryJob.executeStatement(SQLQueryJob.java:631)
	at org.jkiss.dbeaver.ui.editors.sql.execute.SQLQueryJob.lambda$2(SQLQueryJob.java:522)
	at org.jkiss.dbeaver.model.exec.DBExecUtils.tryExecuteRecover(DBExecUtils.java:192)
	at org.jkiss.dbeaver.ui.editors.sql.execute.SQLQueryJob.executeSingleQuery(SQLQueryJob.java:541)
	at org.jkiss.dbeaver.ui.editors.sql.execute.SQLQueryJob.extractData(SQLQueryJob.java:1016)
	at org.jkiss.dbeaver.ui.editors.sql.SQLEditor$QueryResultsContainer.readData(SQLEditor.java:4273)
	at org.jkiss.dbeaver.ui.controls.resultset.ResultSetJobDataRead.lambda$0(ResultSetJobDataRead.java:128)
	at org.jkiss.dbeaver.model.exec.DBExecUtils.tryExecuteRecover(DBExecUtils.java:192)
	at org.jkiss.dbeaver.ui.controls.resultset.ResultSetJobDataRead.run(ResultSetJobDataRead.java:126)
	at org.jkiss.dbeaver.ui.controls.resultset.ResultSetViewer$ResultSetDataPumpJob.run(ResultSetViewer.java:5166)
	at org.jkiss.dbeaver.model.runtime.AbstractJob.run(AbstractJob.java:119)
	at org.eclipse.core.internal.jobs.Worker.run(Worker.java:63)
Caused by: java.sql.SQLSyntaxErrorException: ORA-00920: invalid relational operator

	at oracle.jdbc.driver.T4CTTIoer.processError(T4CTTIoer.java:440)
	at oracle.jdbc.driver.T4CTTIoer.processError(T4CTTIoer.java:396)
	at oracle.jdbc.driver.T4C8Oall.processError(T4C8Oall.java:837)
	at oracle.jdbc.driver.T4CTTIfun.receive(T4CTTIfun.java:445)
	at oracle.jdbc.driver.T4CTTIfun.doRPC(T4CTTIfun.java:191)
	at oracle.jdbc.driver.T4C8Oall.doOALL(T4C8Oall.java:523)
	at oracle.jdbc.driver.T4CStatement.doOall8(T4CStatement.java:193)
	at oracle.jdbc.driver.T4CStatement.executeForDescribe(T4CStatement.java:848)
	at oracle.jdbc.driver.OracleStatement.executeMaybeDescribe(OracleStatement.java:1153)
	at oracle.jdbc.driver.OracleStatement.doExecuteWithTimeout(OracleStatement.java:1275)
	at oracle.jdbc.driver.OracleStatement.executeInternal(OracleStatement.java:1890)
	at oracle.jdbc.driver.OracleStatement.execute(OracleStatement.java:1855)
	at oracle.jdbc.driver.OracleStatementWrapper.execute(OracleStatementWrapper.java:304)
	at org.jkiss.dbeaver.model.impl.jdbc.exec.JDBCStatementImpl.execute(JDBCStatementImpl.java:344)
	at org.jkiss.dbeaver.model.impl.jdbc.exec.JDBCStatementImpl.executeStatement(JDBCStatementImpl.java:128)
	... 12 more
> Start DBeaver UI Editors - Connections [org.jkiss.dbeaver.ui.editors.connection 1.0.135.202412011650]
2024-12-19 17:39:00.675 - Connect with 'localhost' (oracle_thin-193ce98ed4c-3bcbe4a0af4ea9f2)
2024-12-19 17:39:00.676 - Execution context opened (localhost; Main; 3)
2024-12-19 17:39:00.685 - Execution context opened (localhost; Metadata; 4)
2024-12-19 17:39:00.691 - Execution context opened (localhost; SQLEditor <day01.sql>; 5)
2024-12-19 17:39:00.700 - Connected (oracle_thin-193ce98ed4c-3bcbe4a0af4ea9f2, Oracle JDBC driver [11.2.0.2.0])
2024-12-19 17:39:02.438 - Execution context opened (localhost; SQLEditor <Script.sql>; 6)
2024-12-19 17:39:03.890 - Execution context closed (localhost, 6)
2024-12-19 17:39:10.294 - Connect with 'localhost' (oracle_thin-193d23fa119-791b983d9d2c348f)
2024-12-19 17:39:10.294 - Execution context opened (localhost; Main; 7)
2024-12-19 17:39:10.306 - Execution context opened (localhost; Metadata; 8)
2024-12-19 17:39:10.314 - Execution context opened (localhost; SQLEditor <day02(DML).sql>; 9)
2024-12-19 17:39:10.320 - Connected (oracle_thin-193d23fa119-791b983d9d2c348f, Oracle JDBC driver [11.2.0.2.0])
2024-12-19 17:40:29.976 - Error while analyzing query text: /* PLAYER 테이블에서 NATION이 등록되어 있으면 '등록', 아니면 '미등록'으로 검색 */
SELECT PLAYER_NAME, NVL2(NATION.) 
FROM PLAYER p 
/* PLAYER 테이블에서 POSITION이 NULL인 선수를 '미정'으로 변경 후 검색 */
java.lang.NullPointerException: Cannot invoke "org.jkiss.dbeaver.model.sql.semantics.SQLQuerySymbolEntry.getName()" because "identifier" is null
	at org.jkiss.dbeaver.model.sql.semantics.model.expressions.SQLQueryValueMemberExpression.tryResolveMemberReference(SQLQueryValueMemberExpression.java:93)
	at org.jkiss.dbeaver.model.sql.semantics.model.expressions.SQLQueryValueColumnReferenceExpression.propagateContextImpl(SQLQueryValueColumnReferenceExpression.java:129)
	at org.jkiss.dbeaver.model.sql.semantics.model.expressions.SQLQueryValueExpression.propagateContext(SQLQueryValueExpression.java:82)
	at org.jkiss.dbeaver.model.sql.semantics.model.expressions.SQLQueryValueFlattenedExpression.lambda$1(SQLQueryValueFlattenedExpression.java:49)
	at java.base/java.util.ArrayList.forEach(Unknown Source)
	at org.jkiss.dbeaver.model.sql.semantics.model.expressions.SQLQueryValueFlattenedExpression.propagateContextImpl(SQLQueryValueFlattenedExpression.java:49)
	at org.jkiss.dbeaver.model.sql.semantics.model.expressions.SQLQueryValueExpression.propagateContext(SQLQueryValueExpression.java:82)
	at org.jkiss.dbeaver.model.sql.semantics.model.select.SQLQuerySelectionResultColumnSpec.collectColumns(SQLQuerySelectionResultColumnSpec.java:84)
	at org.jkiss.dbeaver.model.sql.semantics.model.select.SQLQuerySelectionResultModel.expandColumns(SQLQuerySelectionResultModel.java:118)
	at org.jkiss.dbeaver.model.sql.semantics.model.select.SQLQueryRowsProjectionModel.propagateContextImpl(SQLQueryRowsProjectionModel.java:155)
	at org.jkiss.dbeaver.model.sql.semantics.model.select.SQLQueryRowsSourceModel.propagateContext(SQLQueryRowsSourceModel.java:81)
	at org.jkiss.dbeaver.model.sql.semantics.model.select.SQLQueryRowsSourceModel.applyContext(SQLQueryRowsSourceModel.java:69)
	at org.jkiss.dbeaver.model.sql.semantics.model.SQLQueryModel.propagateContext(SQLQueryModel.java:80)
	at org.jkiss.dbeaver.model.sql.semantics.SQLQueryModelRecognizer.recognizeQuery(SQLQueryModelRecognizer.java:156)
	at org.jkiss.dbeaver.model.sql.semantics.SQLQueryModelRecognizer.recognizeQuery(SQLQueryModelRecognizer.java:934)
	at org.jkiss.dbeaver.ui.editors.sql.semantics.SQLBackgroundParsingJob.doWork(SQLBackgroundParsingJob.java:660)
	at org.jkiss.dbeaver.ui.editors.sql.semantics.SQLBackgroundParsingJob$1.run(SQLBackgroundParsingJob.java:96)
	at org.jkiss.dbeaver.model.runtime.AbstractJob.run(AbstractJob.java:119)
	at org.eclipse.core.internal.jobs.Worker.run(Worker.java:63)
2024-12-19 17:46:34.543 - SQL Error [904] [42000]: ORA-00904: "NULL": invalid identifier

org.jkiss.dbeaver.model.sql.DBSQLException: SQL Error [904] [42000]: ORA-00904: "NULL": invalid identifier

	at org.jkiss.dbeaver.model.impl.jdbc.exec.JDBCStatementImpl.executeStatement(JDBCStatementImpl.java:130)
	at org.jkiss.dbeaver.ui.editors.sql.execute.SQLQueryJob.executeStatement(SQLQueryJob.java:631)
	at org.jkiss.dbeaver.ui.editors.sql.execute.SQLQueryJob.lambda$2(SQLQueryJob.java:522)
	at org.jkiss.dbeaver.model.exec.DBExecUtils.tryExecuteRecover(DBExecUtils.java:192)
	at org.jkiss.dbeaver.ui.editors.sql.execute.SQLQueryJob.executeSingleQuery(SQLQueryJob.java:541)
	at org.jkiss.dbeaver.ui.editors.sql.execute.SQLQueryJob.extractData(SQLQueryJob.java:1016)
	at org.jkiss.dbeaver.ui.editors.sql.SQLEditor$QueryResultsContainer.readData(SQLEditor.java:4273)
	at org.jkiss.dbeaver.ui.controls.resultset.ResultSetJobDataRead.lambda$0(ResultSetJobDataRead.java:128)
	at org.jkiss.dbeaver.model.exec.DBExecUtils.tryExecuteRecover(DBExecUtils.java:192)
	at org.jkiss.dbeaver.ui.controls.resultset.ResultSetJobDataRead.run(ResultSetJobDataRead.java:126)
	at org.jkiss.dbeaver.ui.controls.resultset.ResultSetViewer$ResultSetDataPumpJob.run(ResultSetViewer.java:5166)
	at org.jkiss.dbeaver.model.runtime.AbstractJob.run(AbstractJob.java:119)
	at org.eclipse.core.internal.jobs.Worker.run(Worker.java:63)
Caused by: java.sql.SQLSyntaxErrorException: ORA-00904: "NULL": invalid identifier

	at oracle.jdbc.driver.T4CTTIoer.processError(T4CTTIoer.java:440)
	at oracle.jdbc.driver.T4CTTIoer.processError(T4CTTIoer.java:396)
	at oracle.jdbc.driver.T4C8Oall.processError(T4C8Oall.java:837)
	at oracle.jdbc.driver.T4CTTIfun.receive(T4CTTIfun.java:445)
	at oracle.jdbc.driver.T4CTTIfun.doRPC(T4CTTIfun.java:191)
	at oracle.jdbc.driver.T4C8Oall.doOALL(T4C8Oall.java:523)
	at oracle.jdbc.driver.T4CStatement.doOall8(T4CStatement.java:193)
	at oracle.jdbc.driver.T4CStatement.executeForDescribe(T4CStatement.java:848)
	at oracle.jdbc.driver.OracleStatement.executeMaybeDescribe(OracleStatement.java:1153)
	at oracle.jdbc.driver.OracleStatement.doExecuteWithTimeout(OracleStatement.java:1275)
	at oracle.jdbc.driver.OracleStatement.executeInternal(OracleStatement.java:1890)
	at oracle.jdbc.driver.OracleStatement.execute(OracleStatement.java:1855)
	at oracle.jdbc.driver.OracleStatementWrapper.execute(OracleStatementWrapper.java:304)
	at org.jkiss.dbeaver.model.impl.jdbc.exec.JDBCStatementImpl.execute(JDBCStatementImpl.java:344)
	at org.jkiss.dbeaver.model.impl.jdbc.exec.JDBCStatementImpl.executeStatement(JDBCStatementImpl.java:128)
	... 12 more
2024-12-19 17:46:34.597 - Error binding callable statement parameters from metadata: 지원되지 않는 기능입니다
2024-12-19 17:46:34.597 - Error obtaining output parameters from metadata: 지원되지 않는 기능입니다
2024-12-19 17:46:34.597 - Can't obtain procedure metadata nor jdbc metadata
2024-12-19 17:51:04.239 - Execution context opened (localhost; SQLEditor <DAY04(서브쿼리).sql>; 10)
2024-12-19 17:51:15.776 - Execution context closed (localhost, 2)
2024-12-19 17:54:35.553 - Execution context closed (localhost, 5)
2024-12-19 17:54:35.577 - Execution context closed (localhost, 9)
2024-12-19 17:54:35.602 - Execution context closed (localhost, 10)
2024-12-19 17:54:35.738 - Dispose navigator model
2024-12-19 17:54:35.754 - DBeaver is stopping
2024-12-19 17:54:35.754 - Stop instance server
2024-12-19 17:54:36.772 - DBeaver shutdown completed
